{
  "RSpec": {
    "coverage": {
      "/home/jmularski/Rails-Projects/taskmanager/app/controllers/authentication/authentication_controller.rb": [
        null,
        null,
        1,
        1,
        10,
        null,
        10,
        null,
        6,
        2,
        null,
        4,
        null,
        null,
        null,
        null,
        1,
        20,
        null,
        20,
        12,
        12,
        null,
        8,
        null,
        null,
        null,
        1,
        6,
        null,
        6,
        null,
        null,
        null,
        2,
        null,
        null,
        1,
        null,
        1,
        62,
        null,
        null
      ],
      "/home/jmularski/Rails-Projects/taskmanager/app/controllers/application_controller.rb": [
        null,
        null,
        1,
        null
      ],
      "/home/jmularski/Rails-Projects/taskmanager/spec/factories_spec.rb": [
        null,
        null,
        1,
        null,
        1,
        1,
        1,
        1,
        null,
        null,
        null
      ],
      "/home/jmularski/Rails-Projects/taskmanager/spec/models/user_spec.rb": [
        null,
        null,
        1,
        null,
        1,
        5,
        null,
        1,
        2,
        2,
        2,
        2,
        null,
        null,
        null,
        null
      ],
      "/home/jmularski/Rails-Projects/taskmanager/app/mailers/registration_mailer.rb": [
        null,
        null,
        1,
        1,
        null,
        1,
        12,
        12,
        null,
        null,
        1,
        2,
        2,
        2,
        null,
        null
      ],
      "/home/jmularski/Rails-Projects/taskmanager/app/mailers/application_mailer.rb": [
        null,
        null,
        1,
        1,
        1,
        null
      ],
      "/home/jmularski/Rails-Projects/taskmanager/lib/token_utils.rb": [
        null,
        null,
        1,
        1,
        1,
        1,
        16,
        16,
        null,
        null,
        1,
        0,
        null,
        null,
        null
      ]
    },
    "timestamp": 1549564742
  }
}
