{
  "RSpec": {
    "coverage": {
      "/home/jmularski/Rails-Projects/wesale/app/controllers/leader/authentication_controller.rb": [
        1,
        null,
        1,
        10,
        null,
        10,
        6,
        null,
        null,
        4,
        2,
        null,
        2,
        null,
        null,
        null,
        null,
        1,
        18,
        18,
        6,
        null,
        12,
        null,
        null,
        null,
        1,
        null,
        1,
        32,
        null,
        null,
        null
      ],
      "/home/jmularski/Rails-Projects/wesale/app/controllers/application_controller.rb": [
        1,
        null
      ],
      "/home/jmularski/Rails-Projects/wesale/spec/factories_spec.rb": [
        1,
        null,
        1,
        1,
        1,
        1,
        null,
        null,
        null
      ],
      "/home/jmularski/Rails-Projects/wesale/spec/models/leader_spec.rb": [
        1,
        null,
        1,
        5,
        null,
        1,
        2,
        2,
        2,
        2,
        null,
        null,
        null,
        null
      ],
      "/home/jmularski/Rails-Projects/wesale/lib/token_utils.rb": [
        1,
        1,
        1,
        null,
        1,
        8,
        8,
        null,
        null,
        1,
        0,
        null,
        null,
        null,
        null
      ]
    },
    "timestamp": 1548369465
  }
}
